<?xml version="1.0" encoding="UTF-8" standalone="no" ?>
<testsuites>
  <testsuite errors="0" failures="0" name="AcquisitionAndFallbackTest" skipped="0" tests="16" time="0.68527">
    <testcase classname="AcquisitionAndFallbackTest" name="testPareto2dRemovesDominatedAndDuplicateRows" time="0.322"/>
    <testcase classname="AcquisitionAndFallbackTest" name="testHypervolume2dKnownUnion" time="0.020621"/>
    <testcase classname="AcquisitionAndFallbackTest" name="testSampledHviKnownImprovement" time="0.026786"/>
    <testcase classname="AcquisitionAndFallbackTest" name="testNoPositiveSampledHviRequestsFallback" time="0.038014"/>
    <testcase classname="AcquisitionAndFallbackTest" name="testFixedEpsilonScoresZeroHviBatchButRequestsFallback" time="0.089065"/>
    <testcase classname="AcquisitionAndFallbackTest" name="testDisabledSoftMasksReturnOnes" time="0.0094549"/>
    <testcase classname="AcquisitionAndFallbackTest" name="testHardDesignDuplicateIsAlwaysMasked" time="0.0096965"/>
    <testcase classname="AcquisitionAndFallbackTest" name="testSoftMasksPenalizeNearerCandidates" time="0.01283"/>
    <testcase classname="AcquisitionAndFallbackTest" name="testAcquisitionFactorization" time="0.02856"/>
    <testcase classname="AcquisitionAndFallbackTest" name="testNonunitPofPowerAndDefaultBackground" time="0.012991"/>
    <testcase classname="AcquisitionAndFallbackTest" name="testDuplicateCandidateHasZeroAcquisition" time="0.012752"/>
    <testcase classname="AcquisitionAndFallbackTest" name="testPrimaryAndChallengerUseSameAcquisition" time="0.010218"/>
    <testcase classname="AcquisitionAndFallbackTest" name="testAllInfeasiblePhaseUsesMaximinRecovery" time="0.021865"/>
    <testcase classname="AcquisitionAndFallbackTest" name="testZeroHviFallbackUsesPofAndNovelty" time="0.004479"/>
    <testcase classname="AcquisitionAndFallbackTest" name="testFallbackExcludesInvalidCandidate" time="0.0026836"/>
    <testcase classname="AcquisitionAndFallbackTest" name="testAllInvalidFallbackRequestsPoolRegeneration" time="0.06326"/>
  </testsuite>
  <testsuite errors="0" failures="0" name="BenchmarkRegistryTest" skipped="0" tests="15" time="3.2915">
    <testcase classname="BenchmarkRegistryTest" name="testCossinInitialDesignIncludesAllCorners" time="0.33388"/>
    <testcase classname="BenchmarkRegistryTest" name="testInitialDesignRestoresCallerRng" time="0.042368"/>
    <testcase classname="BenchmarkRegistryTest" name="testLocalLhsIsReproducibleAndStratified" time="0.03545"/>
    <testcase classname="BenchmarkRegistryTest" name="testBnhAllInfeasibleStressDesign" time="0.019031"/>
    <testcase classname="BenchmarkRegistryTest" name="testWeldedBeamDefinitionHasFourVariables" time="0.021001"/>
    <testcase classname="BenchmarkRegistryTest" name="testC2Dtlz2DefinitionHasThreeVariables" time="0.0095094"/>
    <testcase classname="BenchmarkRegistryTest" name="testHighDimensionalDefinitionsAreVectorized" time="0.035129"/>
    <testcase classname="BenchmarkRegistryTest" name="testFourDimensionalDefinitionContracts" time="0.016115"/>
    <testcase classname="BenchmarkRegistryTest" name="testFourDimensionalDefinitionsAreVectorized" time="0.03289"/>
    <testcase classname="BenchmarkRegistryTest" name="testFourDimensionalAliasesResolve" time="0.014412"/>
    <testcase classname="BenchmarkRegistryTest" name="testHighDimensionalReferencePointsMatchEquations" time="0.018545"/>
    <testcase classname="BenchmarkRegistryTest" name="testSmokeRunnerRejectsUnknownOptions" time="0.099416"/>
    <testcase classname="BenchmarkRegistryTest" name="testWeldedBeamSensitivityProfilesParse" time="0.019418"/>
    <testcase classname="BenchmarkRegistryTest" name="testSourceSealIsPortableAndSelfConsistent" time="2.1397"/>
    <testcase classname="BenchmarkRegistryTest" name="testSummarizerResolvesPortableCampaignToken" time="0.45469"/>
  </testsuite>
  <testsuite errors="0" failures="0" name="BinaryAndOptionsTest" skipped="0" tests="24" time="0.37592">
    <testcase classname="BinaryAndOptionsTest" name="testBinaryLabelsRejectNonfiniteRows" time="0.10977"/>
    <testcase classname="BinaryAndOptionsTest" name="testBinaryLabelsUseTolerance" time="0.0025995"/>
    <testcase classname="BinaryAndOptionsTest" name="testReleaseRawTargets" time="0.015733"/>
    <testcase classname="BinaryAndOptionsTest" name="testAdjustableRawTargets" time="0.0042122"/>
    <testcase classname="BinaryAndOptionsTest" name="testPoFBoundaryValuesAreAccepted" time="0.0027329"/>
    <testcase classname="BinaryAndOptionsTest" name="testPositiveRawInfeasibleIsRejected" time="0.01925"/>
    <testcase classname="BinaryAndOptionsTest" name="testSubunitRawFeasibleIsRejected" time="0.013451"/>
    <testcase classname="BinaryAndOptionsTest" name="testPriorAtInfeasibleTargetIsRejected" time="0.0093729"/>
    <testcase classname="BinaryAndOptionsTest" name="testPriorAtFeasibleTargetIsRejected" time="0.027164"/>
    <testcase classname="BinaryAndOptionsTest" name="testExcessivePoFJitterIsRejected" time="0.0038442"/>
    <testcase classname="BinaryAndOptionsTest" name="testNoOpFieldsAreAbsentFromSchema" time="0.0033028"/>
    <testcase classname="BinaryAndOptionsTest" name="testCompletePoolScoringIsShippedDefault" time="0.0007171"/>
    <testcase classname="BinaryAndOptionsTest" name="testGaIsShippedPrimarySearchDefault" time="0.0075679"/>
    <testcase classname="BinaryAndOptionsTest" name="testGaEliteCountMustBeSmallerThanPopulation" time="0.0032377"/>
    <testcase classname="BinaryAndOptionsTest" name="testLegacyChallengerAblationCanBeRequested" time="0.0008829"/>
    <testcase classname="BinaryAndOptionsTest" name="testCompletePoolScoringRequiresLogicalScalar" time="0.004245"/>
    <testcase classname="BinaryAndOptionsTest" name="testUnknownTopLevelOptionIsRejected" time="0.0031208"/>
    <testcase classname="BinaryAndOptionsTest" name="testUnknownNestedOptionIsRejected" time="0.003125"/>
    <testcase classname="BinaryAndOptionsTest" name="testExplicitFeasibleIsOneEncoding" time="0.020033"/>
    <testcase classname="BinaryAndOptionsTest" name="testContinuousEncodingTreatsNonfiniteAsInfeasible" time="0.0063674"/>
    <testcase classname="BinaryAndOptionsTest" name="testAmbiguousNumericLabelsAreRejected" time="0.015719"/>
    <testcase classname="BinaryAndOptionsTest" name="testDuplicateLocationsWithConflictingLabelsAreRejected" time="0.033579"/>
    <testcase classname="BinaryAndOptionsTest" name="testAllFeasibleStateIsClassified" time="0.01407"/>
    <testcase classname="BinaryAndOptionsTest" name="testNoFeasibleStateIsClassified" time="0.051823"/>
  </testsuite>
  <testsuite errors="0" failures="0" name="CandidateAndParetoTest" skipped="0" tests="8" time="0.27152">
    <testcase classname="CandidateAndParetoTest" name="testCandidatePoolsAreDeterministic" time="0.13525"/>
    <testcase classname="CandidateAndParetoTest" name="testCandidatePoolRestoresCallerRng" time="0.020956"/>
    <testcase classname="CandidateAndParetoTest" name="testCandidatePoolsExcludeEvaluatedPoints" time="0.015396"/>
    <testcase classname="CandidateAndParetoTest" name="testPrimaryAndChallengerPoolsAreDisjoint" time="0.015292"/>
    <testcase classname="CandidateAndParetoTest" name="testTwoDimensionalPrimaryPoolIncludesCorners" time="0.0080332"/>
    <testcase classname="CandidateAndParetoTest" name="testParetoFrontAndHypervolume" time="0.018487"/>
    <testcase classname="CandidateAndParetoTest" name="testInfeasiblePointsDoNotEnterParetoFront" time="0.0065695"/>
    <testcase classname="CandidateAndParetoTest" name="testNoFeasiblePointGivesEmptyParetoFront" time="0.051541"/>
  </testsuite>
  <testsuite errors="0" failures="0" name="ClippedBinaryPofTest" skipped="0" tests="11" time="0.35509">
    <testcase classname="ClippedBinaryPofTest" name="testDefaultRawTargetsAndExactAnchors" time="0.1652"/>
    <testcase classname="ClippedBinaryPofTest" name="testOptionsRawTargetsReachInterpolator" time="0.022274"/>
    <testcase classname="ClippedBinaryPofTest" name="testPredictionsAreClippedToUnitInterval" time="0.029914"/>
    <testcase classname="ClippedBinaryPofTest" name="testConsistentDuplicatesAreConsolidated" time="0.010247"/>
    <testcase classname="ClippedBinaryPofTest" name="testConflictingDuplicatesAreRejected" time="0.021262"/>
    <testcase classname="ClippedBinaryPofTest" name="testAllFeasibleAnchors" time="0.022882"/>
    <testcase classname="ClippedBinaryPofTest" name="testAllInfeasibleAnchors" time="0.015618"/>
    <testcase classname="ClippedBinaryPofTest" name="testFourDimensionalExactInterpolation" time="0.006504"/>
    <testcase classname="ClippedBinaryPofTest" name="testSixDimensionalExactInterpolation" time="0.0041372"/>
    <testcase classname="ClippedBinaryPofTest" name="testStationaryFallbackHasConstantLength" time="0.0046587"/>
    <testcase classname="ClippedBinaryPofTest" name="testDenseInfeasibleRegionGetsLongerLocalLength" time="0.052393"/>
  </testsuite>
  <testsuite errors="0" failures="0" name="LocalMatern32Test" skipped="0" tests="5" time="0.15281">
    <testcase classname="LocalMatern32Test" name="testTwoDimensionalKernelIsSymmetric" time="0.08512"/>
    <testcase classname="LocalMatern32Test" name="testTwoDimensionalKernelIsPositiveDefinite" time="0.0041299"/>
    <testcase classname="LocalMatern32Test" name="testFourDimensionalKernelIsSymmetric" time="0.0033222"/>
    <testcase classname="LocalMatern32Test" name="testFourDimensionalKernelIsPositiveDefinite" time="0.0007736"/>
    <testcase classname="LocalMatern32Test" name="testCrossCovarianceHasExpectedShape" time="0.059463"/>
  </testsuite>
  <testsuite errors="0" failures="0" name="ObjectiveGpTsTest" skipped="0" tests="7" time="0.29797">
    <testcase classname="ObjectiveGpTsTest" name="testPosteriorPredictionIsFinite" time="0.11316"/>
    <testcase classname="ObjectiveGpTsTest" name="testSameSeedProducesSameDraw" time="0.045168"/>
    <testcase classname="ObjectiveGpTsTest" name="testDifferentDrawIndexProducesDifferentDraw" time="0.016037"/>
    <testcase classname="ObjectiveGpTsTest" name="testThompsonDrawRestoresCallerRng" time="0.018994"/>
    <testcase classname="ObjectiveGpTsTest" name="testBaseQuantilesMatchFormerSpectralDefinition" time="0.04377"/>
    <testcase classname="ObjectiveGpTsTest" name="testSpectralDrawFieldsAndValuesAreFinite" time="0.0083787"/>
    <testcase classname="ObjectiveGpTsTest" name="testPhysicalInputBoundsAreHonored" time="0.052459"/>
  </testsuite>
  <testsuite errors="0" failures="0" name="PrimaryGaTest" skipped="0" tests="5" time="1.2663">
    <testcase classname="PrimaryGaTest" name="testGaDoesNotUnderperformItsSeedPool" time="0.91191"/>
    <testcase classname="PrimaryGaTest" name="testGaReportsCompletedSearch" time="0.086102"/>
    <testcase classname="PrimaryGaTest" name="testGaIsDeterministic" time="0.089094"/>
    <testcase classname="PrimaryGaTest" name="testGaRestoresCallerRandomStream" time="0.11961"/>
    <testcase classname="PrimaryGaTest" name="testExplicitPoolAblationReturnsSeedMaximum" time="0.059576"/>
  </testsuite>
  <testsuite errors="0" failures="0" name="SolverIntegrationTest" skipped="0" tests="14" time="2.178">
    <testcase classname="SolverIntegrationTest" name="testTinyCossinRunCompletesRequestedBudget" time="0.75905"/>
    <testcase classname="SolverIntegrationTest" name="testTinyCossinRunStaysWithinBounds" time="0.011856"/>
    <testcase classname="SolverIntegrationTest" name="testTinyCossinRunDoesNotRepeatDesigns" time="0.0033781"/>
    <testcase classname="SolverIntegrationTest" name="testAllInfeasibleBnhUsesPhaseOneFallback" time="0.13907"/>
    <testcase classname="SolverIntegrationTest" name="testAllInfeasibleBnhStillCompletesEvaluation" time="0.0033424"/>
    <testcase classname="SolverIntegrationTest" name="testRepeatedInfeasibleObservationsRemainInPhaseOne" time="0.11502"/>
    <testcase classname="SolverIntegrationTest" name="testUnconstrainedRunRetainsObjectiveTsPath" time="0.27181"/>
    <testcase classname="SolverIntegrationTest" name="testSequentialAutoRejectsAmbiguousNumericLabels" time="0.24703"/>
    <testcase classname="SolverIntegrationTest" name="testSequentialExplicitBinaryEncodingsAreHonored" time="0.25595"/>
    <testcase classname="SolverIntegrationTest" name="testStoredSampledHviAndAcquisitionReconstruct" time="0.015686"/>
    <testcase classname="SolverIntegrationTest" name="testFeasibleRunUsesGaPrimaryAndLhsChallenger" time="0.020146"/>
    <testcase classname="SolverIntegrationTest" name="testPoolAblationRecordsConsistentPrimaryDiagnostics" time="0.10424"/>
    <testcase classname="SolverIntegrationTest" name="testSelectedPointIsGlobalCompletePoolMaximum" time="0.0054244"/>
    <testcase classname="SolverIntegrationTest" name="testTenDimensionalCf1RunIsLabelConsistent" time="0.22605"/>
  </testsuite>
  <testsuite errors="0" failures="0" name="ThesisArtifactTest" skipped="0" tests="4" time="16.5923">
    <testcase classname="ThesisArtifactTest" name="testRetainedMatFilesContainNoPrivatePaths" time="14.7764"/>
    <testcase classname="ThesisArtifactTest" name="testFinitePrimaryBundle" time="1.4936"/>
    <testcase classname="ThesisArtifactTest" name="testSelectionStateTotals" time="0.092798"/>
    <testcase classname="ThesisArtifactTest" name="testWb150RetainedEvidence" time="0.22949"/>
  </testsuite>
</testsuites>
